#
# There is insufficient memory for the Java Runtime Environment to continue.
# Native memory allocation (mmap) failed to map 201326592 bytes for G1 virtual space
# Possible reasons:
#   The system is out of physical RAM or swap space
#   The process is running with CompressedOops enabled, and the Java Heap may be blocking the growth of the native heap
# Possible solutions:
#   Reduce memory load on the system
#   Increase physical memory or swap space
#   Check if swap backing store is full
#   Decrease Java heap size (-Xmx/-Xms)
#   Decrease number of Java threads
#   Decrease Java thread stack sizes (-Xss)
#   Set larger code cache with -XX:ReservedCodeCacheSize=
#   JVM is running with Zero Based Compressed Oops mode in which the Java heap is
#     placed in the first 32GB address space. The Java Heap base address is the
#     maximum limit for the native heap growth. Please use -XX:HeapBaseMinAddress
#     to set the Java Heap base and to place the Java Heap above 32GB virtual address.
# This output file may be truncated or incomplete.
#
#  Out of Memory Error (os_windows.cpp:3825), pid=14380, tid=19224
#
# JRE version:  (17.0.10) (build )
# Java VM: OpenJDK 64-Bit Server VM (17.0.10+0--11572160, mixed mode, sharing, tiered, compressed oops, compressed class ptrs, g1 gc, windows-amd64)
# No core dump will be written. Minidumps are not enabled by default on client versions of Windows
#

---------------  S U M M A R Y ------------

Command Line: 

Host: Intel(R) Core(TM) i3-5005U CPU @ 2.00GHz, 4 cores, 11G,  Windows 10 , 64 bit Build 19041 (10.0.19041.3636)
Time: Mon May 13 15:55:36 2024 India Standard Time elapsed time: 0.019695 seconds (0d 0h 0m 0s)

---------------  T H R E A D  ---------------

Current thread (0x00000274d40acfa0):  JavaThread "Unknown thread" [_thread_in_vm, id=19224, stack(0x000000d226c00000,0x000000d226d00000)]

Stack: [0x000000d226c00000,0x000000d226d00000]
Native frames: (J=compiled Java code, j=interpreted, Vv=VM code, C=native code)
V  [jvm.dll+0x688e89]
V  [jvm.dll+0x84247a]
V  [jvm.dll+0x8440be]
V  [jvm.dll+0x844723]
V  [jvm.dll+0x24be0f]
V  [jvm.dll+0x685c59]
V  [jvm.dll+0x67a50a]
V  [jvm.dll+0x30cbab]
V  [jvm.dll+0x314056]
V  [jvm.dll+0x363dce]
V  [jvm.dll+0x363fff]
V  [jvm.dll+0x2e2978]
V  [jvm.dll+0x2e38e4]
V  [jvm.dll+0x813011]
V  [jvm.dll+0x371c81]
V  [jvm.dll+0x7f1b66]
V  [jvm.dll+0x3f58df]
V  [jvm.dll+0x3f7511]
C  [jli.dll+0x528f]
C  [ucrtbase.dll+0x21bb2]
C  [KERNEL32.DLL+0x17344]
C  [ntdll.dll+0x526b1]


---------------  P R O C E S S  ---------------

Threads class SMR info:
_java_thread_list=0x00007ffcc14fef58, length=0, elements={
}

Java Threads: ( => current thread )

Other Threads:
  0x00000274d41051f0 GCTaskThread "GC Thread#0" [stack: 0x000000d226d00000,0x000000d226e00000] [id=17756]
  0x00000274d4112f20 ConcurrentGCThread "G1 Main Marker" [stack: 0x000000d226e00000,0x000000d226f00000] [id=12968]
  0x00000274d4113850 ConcurrentGCThread "G1 Conc#0" [stack: 0x000000d226f00000,0x000000d227000000] [id=11504]

[error occurred during error reporting (printing all threads), id 0xc0000005, EXCEPTION_ACCESS_VIOLATION (0xc0000005) at pc=0x00007ffcc0cb3547]

VM state: not at safepoint (not fully initialized)

VM Mutex/Monitor currently owned by a thread:  ([mutex/lock_event])
[0x00000274d40a8c80] Heap_lock - owner thread: 0x00000274d40acfa0

Heap address: 0x0000000741400000, size: 3052 MB, Compressed Oops mode: Zero based, Oop shift amount: 3

CDS archive(s) mapped at: [0x0000000000000000-0x0000000000000000-0x0000000000000000), size 0, SharedBaseAddress: 0x0000000800000000, ArchiveRelocationMode: 1.
Narrow klass base: 0x0000000000000000, Narrow klass shift: 0, Narrow klass range: 0x0

GC Precious Log:
<Empty>

Heap:
 garbage-first heap   total 0K, used 0K [0x0000000741400000, 0x0000000800000000)
  region size 2048K, 0 young (0K), 0 survivors (0K)
 Metaspace       used 0K, committed 0K, reserved 0K
  class space    used 0K, committed 0K, reserved 0K

Heap Regions: E=young(eden), S=young(survivor), O=old, HS=humongous(starts), HC=humongous(continues), CS=collection set, F=free, OA=open archive, CA=closed archive, TAMS=top-at-mark-start (previous, next)

Card table byte_map: [0x00000274e6b90000,0x00000274e7190000] _byte_map_base: 0x00000274e3186000

Marking Bits (Prev, Next): (CMBitMap*) 0x00000274d4106730, (CMBitMap*) 0x00000274d4106770
 Prev Bits: [0x00000274e7790000, 0x00000274ea740000)
 Next Bits: [0x00000274ea740000, 0x00000274ed6f0000)

GC Heap History (0 events):
No events

Dll operation events (1 events):
Event: 0.011 Loaded shared library C:\Program Files\Android\Android Studio\jbr\bin\java.dll

Deoptimization events (0 events):
No events

Classes unloaded (0 events):
No events

Classes redefined (0 events):
No events

Internal exceptions (0 events):
No events

VM Operations (0 events):
No events

Events (0 events):
No events


Dynamic libraries:
0x00007ff6c9390000 - 0x00007ff6c939a000 	C:\Program Files\Android\Android Studio\jbr\bin\java.EXE
0x00007ffd01630000 - 0x00007ffd01828000 	C:\Windows\SYSTEM32\ntdll.dll
0x00007ffd01330000 - 0x00007ffd013ed000 	C:\Windows\System32\KERNEL32.DLL
0x00007ffcfefd0000 - 0x00007ffcff2c6000 	C:\Windows\System32\KERNELBASE.dll
0x00007ffcfed00000 - 0x00007ffcfee00000 	C:\Windows\System32\ucrtbase.dll
0x00007ffcf7620000 - 0x00007ffcf763b000 	C:\Program Files\Android\Android Studio\jbr\bin\VCRUNTIME140.dll
0x00007ffcf3f80000 - 0x00007ffcf3f97000 	C:\Program Files\Android\Android Studio\jbr\bin\jli.dll
0x00007ffd00e60000 - 0x00007ffd00ffe000 	C:\Windows\System32\USER32.dll
0x00007ffcff2d0000 - 0x00007ffcff2f2000 	C:\Windows\System32\win32u.dll
0x00007ffcedcb0000 - 0x00007ffcedf4a000 	C:\Windows\WinSxS\amd64_microsoft.windows.common-controls_6595b64144ccf1df_6.0.19041.3636_none_60b6a03d71f818d5\COMCTL32.dll
0x00007ffd000b0000 - 0x00007ffd000dc000 	C:\Windows\System32\GDI32.dll
0x00007ffcff400000 - 0x00007ffcff51a000 	C:\Windows\System32\gdi32full.dll
0x00007ffcff680000 - 0x00007ffcff71e000 	C:\Windows\System32\msvcrt.dll
0x00007ffcff550000 - 0x00007ffcff5ed000 	C:\Windows\System32\msvcp_win.dll
0x00007ffd003b0000 - 0x00007ffd003e0000 	C:\Windows\System32\IMM32.DLL
0x00007ffcfa8e0000 - 0x00007ffcfa8ec000 	C:\Program Files\Android\Android Studio\jbr\bin\vcruntime140_1.dll
0x00007ffcdaed0000 - 0x00007ffcdaf5d000 	C:\Program Files\Android\Android Studio\jbr\bin\msvcp140.dll
0x00007ffcc09c0000 - 0x00007ffcc1643000 	C:\Program Files\Android\Android Studio\jbr\bin\server\jvm.dll
0x00007ffd01210000 - 0x00007ffd012c3000 	C:\Windows\System32\ADVAPI32.dll
0x00007ffd00510000 - 0x00007ffd005af000 	C:\Windows\System32\sechost.dll
0x00007ffd014c0000 - 0x00007ffd015e6000 	C:\Windows\System32\RPCRT4.dll
0x00007ffcff520000 - 0x00007ffcff547000 	C:\Windows\System32\bcrypt.dll
0x00007ffcfeb60000 - 0x00007ffcfebab000 	C:\Windows\SYSTEM32\POWRPROF.dll
0x00007ffcf9f50000 - 0x00007ffcf9f59000 	C:\Windows\SYSTEM32\WSOCK32.dll
0x00007ffcec5f0000 - 0x00007ffcec617000 	C:\Windows\SYSTEM32\WINMM.dll
0x00007ffd01000000 - 0x00007ffd0106b000 	C:\Windows\System32\WS2_32.dll
0x00007ffcef9a0000 - 0x00007ffcef9aa000 	C:\Windows\SYSTEM32\VERSION.dll
0x00007ffcfeb40000 - 0x00007ffcfeb52000 	C:\Windows\SYSTEM32\UMPDC.dll
0x00007ffcfcbb0000 - 0x00007ffcfcbc2000 	C:\Windows\SYSTEM32\kernel.appcore.dll
0x00007ffcf75e0000 - 0x00007ffcf75ea000 	C:\Program Files\Android\Android Studio\jbr\bin\jimage.dll
0x00007ffce9500000 - 0x00007ffce96e4000 	C:\Windows\SYSTEM32\DBGHELP.DLL
0x00007ffce94c0000 - 0x00007ffce94f4000 	C:\Windows\SYSTEM32\dbgcore.DLL
0x00007ffcff5f0000 - 0x00007ffcff672000 	C:\Windows\System32\bcryptPrimitives.dll
0x00007ffcf3ef0000 - 0x00007ffcf3f15000 	C:\Program Files\Android\Android Studio\jbr\bin\java.dll

dbghelp: loaded successfully - version: 4.0.5 - missing functions: none
symbol engine: initialized successfully - sym options: 0x614 - pdb path: .;C:\Program Files\Android\Android Studio\jbr\bin;C:\Windows\SYSTEM32;C:\Windows\WinSxS\amd64_microsoft.windows.common-controls_6595b64144ccf1df_6.0.19041.3636_none_60b6a03d71f818d5;C:\Program Files\Android\Android Studio\jbr\bin\server

VM Arguments:
java_command: <unknown>
java_class_path (initial): <not set>
Launcher Type: SUN_STANDARD

[Global flags]
     intx CICompilerCount                          = 3                                         {product} {ergonomic}
     uint ConcGCThreads                            = 1                                         {product} {ergonomic}
     uint G1ConcRefinementThreads                  = 4                                         {product} {ergonomic}
   size_t G1HeapRegionSize                         = 2097152                                   {product} {ergonomic}
    uintx GCDrainStackTargetSize                   = 64                                        {product} {ergonomic}
   size_t InitialHeapSize                          = 201326592                                 {product} {ergonomic}
   size_t MarkStackSize                            = 4194304                                   {product} {ergonomic}
   size_t MaxHeapSize                              = 3200253952                                {product} {ergonomic}
   size_t MinHeapDeltaBytes                        = 2097152                                   {product} {ergonomic}
   size_t MinHeapSize                              = 8388608                                   {product} {ergonomic}
    uintx NonNMethodCodeHeapSize                   = 5832780                                {pd product} {ergonomic}
    uintx NonProfiledCodeHeapSize                  = 122912730                              {pd product} {ergonomic}
    uintx ProfiledCodeHeapSize                     = 122912730                              {pd product} {ergonomic}
    uintx ReservedCodeCacheSize                    = 251658240                              {pd product} {ergonomic}
     bool SegmentedCodeCache                       = true                                      {product} {ergonomic}
   size_t SoftMaxHeapSize                          = 3200253952                             {manageable} {ergonomic}
     bool UseCompressedClassPointers               = true                           {product lp64_product} {ergonomic}
     bool UseCompressedOops                        = true                           {product lp64_product} {ergonomic}
     bool UseG1GC                                  = true                                      {product} {ergonomic}
     bool UseLargePagesIndividualAllocation        = false                                  {pd product} {ergonomic}

Logging:
Log output configuration:
 #0: stdout all=warning uptime,level,tags
 #1: stderr all=off uptime,level,tags

Environment Variables:
PATH=C:\Windows\system32;C:\Windows;C:\Windows\System32\Wbem;C:\Windows\System32\WindowsPowerShell\v1.0\;C:\Windows\System32\OpenSSH\;C:\Program Files\dotnet\;C:\Program Files\nodejs\;C:\Program Files\Git\cmd;C:\Users\Lenovo\AppData\Local\Microsoft\WindowsApps;C:\Users\Lenovo\AppData\Local\Programs\Microsoft VS Code\bin;C:\Users\Lenovo\AppData\Roaming\npm;C:\Users\Lenovo\AppData\Local\GitHubDesktop\bin;F:\flutter\bin;;F:\flutter\bin\mingit\cmd;F:\flutter\bin\mingit\cmd
USERNAME=Lenovo
OS=Windows_NT
PROCESSOR_IDENTIFIER=Intel64 Family 6 Model 61 Stepping 4, GenuineIntel
TMP=C:\Users\Lenovo\AppData\Local\Temp
TEMP=C:\Users\Lenovo\AppData\Local\Temp



Periodic native trim disabled

JNI global refs:
JNI global refs: 0, weak refs: 0

JNI global refs memory usage: 0, weak refs: 0

OOME stack traces (most recent first):
Classloader memory used:


---------------  S Y S T E M  ---------------

OS:
 Windows 10 , 64 bit Build 19041 (10.0.19041.3636)
OS uptime: 53 days 10:09 hours

CPU: total 4 (initial active 4) (2 cores per cpu, 2 threads per core) family 6 model 61 stepping 4 microcode 0x2d, cx8, cmov, fxsr, ht, mmx, 3dnowpref, sse, sse2, sse3, ssse3, sse4.1, sse4.2, popcnt, lzcnt, tsc, tscinvbit, avx, avx2, aes, erms, clmul, bmi1, bmi2, adx, fma, vzeroupper, clflush
Processor Information for all 4 processors :
  Max Mhz: 2000, Current Mhz: 2000, Mhz Limit: 2000

Memory: 4k page, system-wide physical 12203M (1718M free)
TotalPageFile size 18162M (AvailPageFile size 31M)
current process WorkingSet (physical memory assigned to process): 10M, peak: 10M
current process commit charge ("private bytes"): 51M, peak: 243M

vm_info: OpenJDK 64-Bit Server VM (17.0.10+0--11572160) for windows-amd64 JRE (17.0.10+0--11572160), built on Mar 13 2024 23:56:38 by "androidbuild" with MS VC++ 16.10 / 16.11 (VS2019)

END.
